rake aborted!
ActiveRecord::NoDatabaseError: FATAL:  database "timetrack_development" does not exist
/Users/davidvezzani/.rvm/gems/ruby-2.2.0/gems/activerecord-4.2.5/lib/active_record/connection_adapters/postgresql_adapter.rb:661:in `rescue in connect'
/Users/davidvezzani/.rvm/gems/ruby-2.2.0/gems/activerecord-4.2.5/lib/active_record/connection_adapters/postgresql_adapter.rb:651:in `connect'
/Users/davidvezzani/.rvm/gems/ruby-2.2.0/gems/activerecord-4.2.5/lib/active_record/connection_adapters/postgresql_adapter.rb:242:in `initialize'
/Users/davidvezzani/.rvm/gems/ruby-2.2.0/gems/activerecord-4.2.5/lib/active_record/connection_adapters/postgresql_adapter.rb:44:in `new'
/Users/davidvezzani/.rvm/gems/ruby-2.2.0/gems/activerecord-4.2.5/lib/active_record/connection_adapters/postgresql_adapter.rb:44:in `postgresql_connection'
/Users/davidvezzani/.rvm/gems/ruby-2.2.0/gems/activerecord-4.2.5/lib/active_record/connection_adapters/abstract/connection_pool.rb:438:in `new_connection'
/Users/davidvezzani/.rvm/gems/ruby-2.2.0/gems/activerecord-4.2.5/lib/active_record/connection_adapters/abstract/connection_pool.rb:448:in `checkout_new_connection'
/Users/davidvezzani/.rvm/gems/ruby-2.2.0/gems/activerecord-4.2.5/lib/active_record/connection_adapters/abstract/connection_pool.rb:422:in `acquire_connection'
/Users/davidvezzani/.rvm/gems/ruby-2.2.0/gems/activerecord-4.2.5/lib/active_record/connection_adapters/abstract/connection_pool.rb:349:in `block in checkout'
/Users/davidvezzani/.rvm/gems/ruby-2.2.0/gems/activerecord-4.2.5/lib/active_record/connection_adapters/abstract/connection_pool.rb:348:in `checkout'
/Users/davidvezzani/.rvm/gems/ruby-2.2.0/gems/activerecord-4.2.5/lib/active_record/connection_adapters/abstract/connection_pool.rb:263:in `block in connection'
/Users/davidvezzani/.rvm/gems/ruby-2.2.0/gems/activerecord-4.2.5/lib/active_record/connection_adapters/abstract/connection_pool.rb:262:in `connection'
/Users/davidvezzani/.rvm/gems/ruby-2.2.0/gems/activerecord-4.2.5/lib/active_record/connection_adapters/abstract/connection_pool.rb:571:in `retrieve_connection'
/Users/davidvezzani/.rvm/gems/ruby-2.2.0/gems/activerecord-4.2.5/lib/active_record/connection_handling.rb:113:in `retrieve_connection'
/Users/davidvezzani/.rvm/gems/ruby-2.2.0/gems/activerecord-4.2.5/lib/active_record/connection_handling.rb:87:in `connection'
/Users/davidvezzani/.rvm/gems/ruby-2.2.0/gems/activerecord-4.2.5/lib/active_record/migration.rb:916:in `initialize'
/Users/davidvezzani/.rvm/gems/ruby-2.2.0/gems/activerecord-4.2.5/lib/active_record/migration.rb:823:in `new'
/Users/davidvezzani/.rvm/gems/ruby-2.2.0/gems/activerecord-4.2.5/lib/active_record/migration.rb:823:in `up'
/Users/davidvezzani/.rvm/gems/ruby-2.2.0/gems/activerecord-4.2.5/lib/active_record/migration.rb:801:in `migrate'
/Users/davidvezzani/.rvm/gems/ruby-2.2.0/gems/activerecord-4.2.5/lib/active_record/tasks/database_tasks.rb:137:in `migrate'
/Users/davidvezzani/.rvm/gems/ruby-2.2.0/gems/activerecord-4.2.5/lib/active_record/railties/databases.rake:44:in `block (2 levels) in <top (required)>'
/Users/davidvezzani/.rvm/gems/ruby-2.2.0/bin/ruby_executable_hooks:15:in `eval'
/Users/davidvezzani/.rvm/gems/ruby-2.2.0/bin/ruby_executable_hooks:15:in `<main>'
PG::ConnectionBad: FATAL:  database "timetrack_development" does not exist
/Users/davidvezzani/.rvm/gems/ruby-2.2.0/gems/activerecord-4.2.5/lib/active_record/connection_adapters/postgresql_adapter.rb:651:in `initialize'
/Users/davidvezzani/.rvm/gems/ruby-2.2.0/gems/activerecord-4.2.5/lib/active_record/connection_adapters/postgresql_adapter.rb:651:in `new'
/Users/davidvezzani/.rvm/gems/ruby-2.2.0/gems/activerecord-4.2.5/lib/active_record/connection_adapters/postgresql_adapter.rb:651:in `connect'
/Users/davidvezzani/.rvm/gems/ruby-2.2.0/gems/activerecord-4.2.5/lib/active_record/connection_adapters/postgresql_adapter.rb:242:in `initialize'
/Users/davidvezzani/.rvm/gems/ruby-2.2.0/gems/activerecord-4.2.5/lib/active_record/connection_adapters/postgresql_adapter.rb:44:in `new'
/Users/davidvezzani/.rvm/gems/ruby-2.2.0/gems/activerecord-4.2.5/lib/active_record/connection_adapters/postgresql_adapter.rb:44:in `postgresql_connection'
/Users/davidvezzani/.rvm/gems/ruby-2.2.0/gems/activerecord-4.2.5/lib/active_record/connection_adapters/abstract/connection_pool.rb:438:in `new_connection'
/Users/davidvezzani/.rvm/gems/ruby-2.2.0/gems/activerecord-4.2.5/lib/active_record/connection_adapters/abstract/connection_pool.rb:448:in `checkout_new_connection'
/Users/davidvezzani/.rvm/gems/ruby-2.2.0/gems/activerecord-4.2.5/lib/active_record/connection_adapters/abstract/connection_pool.rb:422:in `acquire_connection'
/Users/davidvezzani/.rvm/gems/ruby-2.2.0/gems/activerecord-4.2.5/lib/active_record/connection_adapters/abstract/connection_pool.rb:349:in `block in checkout'
/Users/davidvezzani/.rvm/gems/ruby-2.2.0/gems/activerecord-4.2.5/lib/active_record/connection_adapters/abstract/connection_pool.rb:348:in `checkout'
/Users/davidvezzani/.rvm/gems/ruby-2.2.0/gems/activerecord-4.2.5/lib/active_record/connection_adapters/abstract/connection_pool.rb:263:in `block in connection'
/Users/davidvezzani/.rvm/gems/ruby-2.2.0/gems/activerecord-4.2.5/lib/active_record/connection_adapters/abstract/connection_pool.rb:262:in `connection'
/Users/davidvezzani/.rvm/gems/ruby-2.2.0/gems/activerecord-4.2.5/lib/active_record/connection_adapters/abstract/connection_pool.rb:571:in `retrieve_connection'
/Users/davidvezzani/.rvm/gems/ruby-2.2.0/gems/activerecord-4.2.5/lib/active_record/connection_handling.rb:113:in `retrieve_connection'
/Users/davidvezzani/.rvm/gems/ruby-2.2.0/gems/activerecord-4.2.5/lib/active_record/connection_handling.rb:87:in `connection'
/Users/davidvezzani/.rvm/gems/ruby-2.2.0/gems/activerecord-4.2.5/lib/active_record/migration.rb:916:in `initialize'
/Users/davidvezzani/.rvm/gems/ruby-2.2.0/gems/activerecord-4.2.5/lib/active_record/migration.rb:823:in `new'
/Users/davidvezzani/.rvm/gems/ruby-2.2.0/gems/activerecord-4.2.5/lib/active_record/migration.rb:823:in `up'
/Users/davidvezzani/.rvm/gems/ruby-2.2.0/gems/activerecord-4.2.5/lib/active_record/migration.rb:801:in `migrate'
/Users/davidvezzani/.rvm/gems/ruby-2.2.0/gems/activerecord-4.2.5/lib/active_record/tasks/database_tasks.rb:137:in `migrate'
/Users/davidvezzani/.rvm/gems/ruby-2.2.0/gems/activerecord-4.2.5/lib/active_record/railties/databases.rake:44:in `block (2 levels) in <top (required)>'
/Users/davidvezzani/.rvm/gems/ruby-2.2.0/bin/ruby_executable_hooks:15:in `eval'
/Users/davidvezzani/.rvm/gems/ruby-2.2.0/bin/ruby_executable_hooks:15:in `<main>'
Tasks: TOP => db:migrate
(See full trace by running task with --trace)
